Start testing: Apr 10 15:01 CEST
----------------------------------------------------------
1/3 Testing: bubblesort
1/3 Test: bubblesort
Command: "/Users/IT058589/Desktop/alice/uni/3 anno/pcs/Docker/Data/PCS_26/esercitazione4/build/test_bubblesort"
Directory: /Users/IT058589/Desktop/alice/uni/3 anno/pcs/Docker/Data/PCS_26/esercitazione4/build
"bubblesort" start time: Apr 10 15:01 CEST
Output:
----------------------------------------------------------
<end of output>
Test time =   1.28 sec
----------------------------------------------------------
Test Passed.
"bubblesort" end time: Apr 10 15:01 CEST
"bubblesort" time elapsed: 00:00:01
----------------------------------------------------------

2/3 Testing: insertionsort
2/3 Test: insertionsort
Command: "/Users/IT058589/Desktop/alice/uni/3 anno/pcs/Docker/Data/PCS_26/esercitazione4/build/test_insertionsort"
Directory: /Users/IT058589/Desktop/alice/uni/3 anno/pcs/Docker/Data/PCS_26/esercitazione4/build
"insertionsort" start time: Apr 10 15:01 CEST
Output:
----------------------------------------------------------
<end of output>
Test time =   0.73 sec
----------------------------------------------------------
Test Passed.
"insertionsort" end time: Apr 10 15:01 CEST
"insertionsort" time elapsed: 00:00:00
----------------------------------------------------------

3/3 Testing: selectionsort
3/3 Test: selectionsort
Command: "/Users/IT058589/Desktop/alice/uni/3 anno/pcs/Docker/Data/PCS_26/esercitazione4/build/test_selectionsort"
Directory: /Users/IT058589/Desktop/alice/uni/3 anno/pcs/Docker/Data/PCS_26/esercitazione4/build
"selectionsort" start time: Apr 10 15:01 CEST
Output:
----------------------------------------------------------
<end of output>
Test time =   0.75 sec
----------------------------------------------------------
Test Passed.
"selectionsort" end time: Apr 10 15:01 CEST
"selectionsort" time elapsed: 00:00:00
----------------------------------------------------------

End testing: Apr 10 15:01 CEST
